0 info it worked if it ends with ok
1 verbose cli [ 'C:\\Program Files\\nodejs\\node.exe',
1 verbose cli   'C:\\Users\\alway\\AppData\\Roaming\\npm\\node_modules\\npm\\bin\\npm-cli.js',
1 verbose cli   'install',
1 verbose cli   'canvas@1.2.X',
1 verbose cli   '--save',
1 verbose cli   '--msvs_version=2015' ]
2 info using npm@3.8.5
3 info using node@v5.10.0
4 silly loadCurrentTree Starting
5 silly install loadCurrentTree
6 silly install readLocalPackageData
7 silly fetchPackageMetaData canvas@1.2.X
8 silly fetchNamedPackageData canvas
9 silly mapToRegistry name canvas
10 silly mapToRegistry using default registry
11 silly mapToRegistry registry https://registry.npmjs.org/
12 silly mapToRegistry data Result {
12 silly mapToRegistry   raw: 'canvas',
12 silly mapToRegistry   scope: null,
12 silly mapToRegistry   name: 'canvas',
12 silly mapToRegistry   rawSpec: '',
12 silly mapToRegistry   spec: 'latest',
12 silly mapToRegistry   type: 'tag' }
13 silly mapToRegistry uri https://registry.npmjs.org/canvas
14 verbose request uri https://registry.npmjs.org/canvas
15 verbose request no auth needed
16 info attempt registry request try #1 at 8:49:19 PM
17 verbose request id d9831af14772a5e8
18 verbose etag "BLNRMR0FBR8NN0NPYCTA9KINO"
19 http request GET https://registry.npmjs.org/canvas
20 http 304 https://registry.npmjs.org/canvas
21 verbose headers { date: 'Thu, 07 Apr 2016 00:49:27 GMT',
21 verbose headers   via: '1.1 varnish',
21 verbose headers   'cache-control': 'max-age=300',
21 verbose headers   etag: '"BLNRMR0FBR8NN0NPYCTA9KINO"',
21 verbose headers   age: '173',
21 verbose headers   connection: 'keep-alive',
21 verbose headers   'x-served-by': 'cache-iad2133-IAD',
21 verbose headers   'x-cache': 'HIT',
21 verbose headers   'x-cache-hits': '1',
21 verbose headers   'x-timer': 'S1459990167.512000,VS0,VE0',
21 verbose headers   vary: 'Accept-Encoding' }
22 silly get cb [ 304,
22 silly get   { date: 'Thu, 07 Apr 2016 00:49:27 GMT',
22 silly get     via: '1.1 varnish',
22 silly get     'cache-control': 'max-age=300',
22 silly get     etag: '"BLNRMR0FBR8NN0NPYCTA9KINO"',
22 silly get     age: '173',
22 silly get     connection: 'keep-alive',
22 silly get     'x-served-by': 'cache-iad2133-IAD',
22 silly get     'x-cache': 'HIT',
22 silly get     'x-cache-hits': '1',
22 silly get     'x-timer': 'S1459990167.512000,VS0,VE0',
22 silly get     vary: 'Accept-Encoding' } ]
23 verbose etag https://registry.npmjs.org/canvas from cache
24 verbose get saving canvas to C:\Users\alway\AppData\Roaming\npm-cache\registry.npmjs.org\canvas\.cache.json
25 verbose correctMkdir C:\Users\alway\AppData\Roaming\npm-cache correctMkdir not in flight; initializing
26 silly install normalizeTree
27 silly loadCurrentTree Finishing
28 silly loadIdealTree Starting
29 silly install loadIdealTree
30 silly cloneCurrentTree Starting
31 silly install cloneCurrentTreeToIdealTree
32 silly cloneCurrentTree Finishing
33 silly loadShrinkwrap Starting
34 silly install loadShrinkwrap
35 silly loadShrinkwrap Finishing
36 silly loadAllDepsIntoIdealTree Starting
37 silly install loadAllDepsIntoIdealTree
38 silly resolveWithNewModule canvas@1.2.11 checking installable status
39 silly cache add args [ 'canvas@1.2.X', null ]
40 verbose cache add spec canvas@1.2.X
41 silly cache add parsed spec Result {
41 silly cache add   raw: 'canvas@1.2.X',
41 silly cache add   scope: null,
41 silly cache add   name: 'canvas',
41 silly cache add   rawSpec: '1.2.X',
41 silly cache add   spec: '>=1.2.0 <1.3.0',
41 silly cache add   type: 'range' }
42 silly addNamed canvas@>=1.2.0 <1.3.0
43 verbose addNamed ">=1.2.0 <1.3.0" is a valid semver range for canvas
44 silly addNameRange { name: 'canvas', range: '>=1.2.0 <1.3.0', hasData: false }
45 silly mapToRegistry name canvas
46 silly mapToRegistry using default registry
47 silly mapToRegistry registry https://registry.npmjs.org/
48 silly mapToRegistry data Result {
48 silly mapToRegistry   raw: 'canvas',
48 silly mapToRegistry   scope: null,
48 silly mapToRegistry   name: 'canvas',
48 silly mapToRegistry   rawSpec: '',
48 silly mapToRegistry   spec: 'latest',
48 silly mapToRegistry   type: 'tag' }
49 silly mapToRegistry uri https://registry.npmjs.org/canvas
50 verbose addNameRange registry:https://registry.npmjs.org/canvas not in flight; fetching
51 verbose get https://registry.npmjs.org/canvas not expired, no request
52 silly addNameRange number 2 { name: 'canvas', range: '>=1.2.0 <1.3.0', hasData: true }
53 silly addNameRange versions [ 'canvas',
53 silly addNameRange   [ '0.0.1',
53 silly addNameRange     '0.0.2',
53 silly addNameRange     '0.0.3',
53 silly addNameRange     '0.0.4',
53 silly addNameRange     '0.0.5',
53 silly addNameRange     '0.0.6',
53 silly addNameRange     '0.0.7',
53 silly addNameRange     '0.0.8',
53 silly addNameRange     '0.1.0',
53 silly addNameRange     '0.2.0',
53 silly addNameRange     '0.2.1',
53 silly addNameRange     '0.3.0',
53 silly addNameRange     '0.3.1',
53 silly addNameRange     '0.3.2',
53 silly addNameRange     '0.3.3',
53 silly addNameRange     '0.4.0',
53 silly addNameRange     '0.4.1',
53 silly addNameRange     '0.4.2',
53 silly addNameRange     '0.4.3',
53 silly addNameRange     '0.5.0',
53 silly addNameRange     '0.5.1',
53 silly addNameRange     '0.5.2',
53 silly addNameRange     '0.5.3',
53 silly addNameRange     '0.5.4',
53 silly addNameRange     '0.6.0',
53 silly addNameRange     '0.7.0',
53 silly addNameRange     '0.7.1',
53 silly addNameRange     '0.7.2',
53 silly addNameRange     '0.7.3',
53 silly addNameRange     '0.8.0',
53 silly addNameRange     '0.8.1',
53 silly addNameRange     '0.8.2',
53 silly addNameRange     '0.8.3',
53 silly addNameRange     '0.9.0',
53 silly addNameRange     '0.10.0',
53 silly addNameRange     '0.10.1',
53 silly addNameRange     '0.10.2',
53 silly addNameRange     '0.10.3',
53 silly addNameRange     '0.11.0',
53 silly addNameRange     '0.11.1',
53 silly addNameRange     '0.11.2',
53 silly addNameRange     '0.11.3',
53 silly addNameRange     '0.12.0',
53 silly addNameRange     '0.12.1',
53 silly addNameRange     '0.13.0',
53 silly addNameRange     '0.13.1',
53 silly addNameRange     '1.0.0',
53 silly addNameRange     '1.0.1',
53 silly addNameRange     '1.0.2',
53 silly addNameRange     '1.0.3',
53 silly addNameRange     '1.0.4',
53 silly addNameRange     '1.1.0',
53 silly addNameRange     '1.1.1',
53 silly addNameRange     '1.1.2',
53 silly addNameRange     '1.1.3',
53 silly addNameRange     '1.1.4',
53 silly addNameRange     '1.1.5',
53 silly addNameRange     '1.1.6',
53 silly addNameRange     '1.2.0',
53 silly addNameRange     '1.2.1',
53 silly addNameRange     '1.2.2',
53 silly addNameRange     '1.2.3',
53 silly addNameRange     '1.2.4',
53 silly addNameRange     '1.2.5',
53 silly addNameRange     '1.2.6',
53 silly addNameRange     '1.2.7',
53 silly addNameRange     '1.2.8',
53 silly addNameRange     '1.2.9',
53 silly addNameRange     '1.2.10',
53 silly addNameRange     '1.2.11',
53 silly addNameRange     '1.3.0',
53 silly addNameRange     '1.3.1',
53 silly addNameRange     '1.3.2',
53 silly addNameRange     '1.3.3',
53 silly addNameRange     '1.3.4',
53 silly addNameRange     '1.3.5',
53 silly addNameRange     '1.3.6',
53 silly addNameRange     '1.3.7',
53 silly addNameRange     '1.3.8',
53 silly addNameRange     '1.3.9',
53 silly addNameRange     '1.3.10',
53 silly addNameRange     '1.3.11',
53 silly addNameRange     '1.3.12' ] ]
54 silly addNamed canvas@1.2.11
55 verbose addNamed "1.2.11" is a plain semver version for canvas
56 silly cache afterAdd canvas@1.2.11
57 verbose afterAdd C:\Users\alway\AppData\Roaming\npm-cache\canvas\1.2.11\package\package.json not in flight; writing
58 verbose correctMkdir C:\Users\alway\AppData\Roaming\npm-cache correctMkdir not in flight; initializing
59 verbose afterAdd C:\Users\alway\AppData\Roaming\npm-cache\canvas\1.2.11\package\package.json written
60 silly loadAllDepsIntoIdealTree Finishing
61 silly idealTree:prePrune dungeon-generation@0.0.1
61 silly idealTree:prePrune +-- accepts@1.2.13
61 silly idealTree:prePrune +-- ansi-regex@2.0.0
61 silly idealTree:prePrune +-- ansi-styles@2.2.1
61 silly idealTree:prePrune +-- append-field@0.1.0
61 silly idealTree:prePrune +-- array-flatten@1.1.1
61 silly idealTree:prePrune +-- asn1@0.2.3
61 silly idealTree:prePrune +-- assert-plus@0.2.0
61 silly idealTree:prePrune +-- async@1.5.2
61 silly idealTree:prePrune +-- aws-sign2@0.6.0
61 silly idealTree:prePrune +-- aws4@1.3.2
61 silly idealTree:prePrune +-- bignumber.js@2.3.0
61 silly idealTree:prePrune +-- bindings@1.2.1
61 silly idealTree:prePrune +-- bl@1.1.2
61 silly idealTree:prePrune +-- bmp-js@0.0.1
61 silly idealTree:prePrune +-- body-parser@1.15.0
61 silly idealTree:prePrune +-- boom@2.10.1
61 silly idealTree:prePrune +-- bufferutil@1.2.1
61 silly idealTree:prePrune +-- busboy@0.2.13
61 silly idealTree:prePrune | +-- isarray@0.0.1
61 silly idealTree:prePrune | `-- readable-stream@1.1.13
61 silly idealTree:prePrune +-- bytes@2.2.0
61 silly idealTree:prePrune +-- canvas@1.2.11
61 silly idealTree:prePrune +-- caseless@0.11.0
61 silly idealTree:prePrune +-- chalk@1.1.3
61 silly idealTree:prePrune +-- combined-stream@1.0.5
61 silly idealTree:prePrune +-- commander@2.9.0
61 silly idealTree:prePrune +-- concat-stream@1.5.1
61 silly idealTree:prePrune +-- content-disposition@0.5.1
61 silly idealTree:prePrune +-- content-type@1.0.1
61 silly idealTree:prePrune +-- cookie-parser@1.4.1
61 silly idealTree:prePrune +-- cookie-signature@1.0.6
61 silly idealTree:prePrune +-- cookie@0.2.3
61 silly idealTree:prePrune +-- core-util-is@1.0.2
61 silly idealTree:prePrune +-- cryptiles@2.0.5
61 silly idealTree:prePrune +-- dashdash@1.13.0
61 silly idealTree:prePrune | `-- assert-plus@1.0.0
61 silly idealTree:prePrune +-- debug@2.2.0
61 silly idealTree:prePrune +-- decree@0.0.6
61 silly idealTree:prePrune +-- delayed-stream@1.0.0
61 silly idealTree:prePrune +-- depd@1.1.0
61 silly idealTree:prePrune +-- destroy@1.0.4
61 silly idealTree:prePrune +-- dicer@0.2.5
61 silly idealTree:prePrune | +-- isarray@0.0.1
61 silly idealTree:prePrune | `-- readable-stream@1.1.13
61 silly idealTree:prePrune +-- ecc-jsbn@0.1.1
61 silly idealTree:prePrune +-- ee-first@1.1.1
61 silly idealTree:prePrune +-- ejs@2.4.1
61 silly idealTree:prePrune +-- es6-promise@3.1.2
61 silly idealTree:prePrune +-- escape-html@1.0.3
61 silly idealTree:prePrune +-- escape-string-regexp@1.0.5
61 silly idealTree:prePrune +-- etag@1.7.0
61 silly idealTree:prePrune +-- exif-parser@0.1.9
61 silly idealTree:prePrune +-- express@4.13.4
61 silly idealTree:prePrune | +-- cookie@0.1.5
61 silly idealTree:prePrune | `-- qs@4.0.0
61 silly idealTree:prePrune +-- extend@3.0.0
61 silly idealTree:prePrune +-- extsprintf@1.0.2
61 silly idealTree:prePrune +-- file-type@3.8.0
61 silly idealTree:prePrune +-- finalhandler@0.4.1
61 silly idealTree:prePrune +-- forever-agent@0.6.1
61 silly idealTree:prePrune +-- form-data@1.0.0-rc4
61 silly idealTree:prePrune +-- forwarded@0.1.0
61 silly idealTree:prePrune +-- fresh@0.3.0
61 silly idealTree:prePrune +-- generate-function@2.0.0
61 silly idealTree:prePrune +-- generate-object-property@1.2.0
61 silly idealTree:prePrune +-- graceful-readlink@1.0.1
61 silly idealTree:prePrune +-- har-validator@2.0.6
61 silly idealTree:prePrune +-- has-ansi@2.0.0
61 silly idealTree:prePrune +-- hawk@3.1.3
61 silly idealTree:prePrune +-- hoek@2.16.3
61 silly idealTree:prePrune +-- http-errors@1.4.0
61 silly idealTree:prePrune +-- http-signature@1.1.1
61 silly idealTree:prePrune +-- iconv-lite@0.4.13
61 silly idealTree:prePrune +-- inherits@2.0.1
61 silly idealTree:prePrune +-- ip-regex@1.0.3
61 silly idealTree:prePrune +-- ipaddr.js@1.0.5
61 silly idealTree:prePrune +-- is-my-json-valid@2.13.1
61 silly idealTree:prePrune +-- is-property@1.0.2
61 silly idealTree:prePrune +-- is-typedarray@1.0.0
61 silly idealTree:prePrune +-- isarray@1.0.0
61 silly idealTree:prePrune +-- isstream@0.1.2
61 silly idealTree:prePrune +-- jimp@0.2.21
61 silly idealTree:prePrune +-- jodid25519@1.0.2
61 silly idealTree:prePrune +-- jpeg-js@0.1.1
61 silly idealTree:prePrune +-- jsbn@0.1.0
61 silly idealTree:prePrune +-- json-schema@0.2.2
61 silly idealTree:prePrune +-- json-stringify-safe@5.0.1
61 silly idealTree:prePrune +-- jsonpointer@2.0.0
61 silly idealTree:prePrune +-- jsprim@1.2.2
61 silly idealTree:prePrune +-- lodash-node@2.4.1
61 silly idealTree:prePrune +-- lru-cache@4.0.1
61 silly idealTree:prePrune +-- lwip@0.0.8
61 silly idealTree:prePrune | +-- async@0.9.2
61 silly idealTree:prePrune | `-- nan@2.0.9
61 silly idealTree:prePrune +-- media-typer@0.3.0
61 silly idealTree:prePrune +-- merge-descriptors@1.0.1
61 silly idealTree:prePrune +-- methods@1.1.2
61 silly idealTree:prePrune +-- mime-db@1.22.0
61 silly idealTree:prePrune +-- mime-types@2.1.10
61 silly idealTree:prePrune +-- mime@1.3.4
61 silly idealTree:prePrune +-- minimist@0.0.8
61 silly idealTree:prePrune +-- mkdirp@0.5.1
61 silly idealTree:prePrune +-- ms@0.7.1
61 silly idealTree:prePrune +-- multer@1.1.0
61 silly idealTree:prePrune +-- nan@2.2.1
61 silly idealTree:prePrune +-- negotiator@0.5.3
61 silly idealTree:prePrune +-- node-uuid@1.4.7
61 silly idealTree:prePrune +-- oauth-sign@0.8.1
61 silly idealTree:prePrune +-- object-assign@3.0.0
61 silly idealTree:prePrune +-- on-finished@2.3.0
61 silly idealTree:prePrune +-- options@0.0.6
61 silly idealTree:prePrune +-- parseurl@1.3.1
61 silly idealTree:prePrune +-- path-to-regexp@0.1.7
61 silly idealTree:prePrune +-- pinkie-promise@2.0.0
61 silly idealTree:prePrune +-- pinkie@2.0.4
61 silly idealTree:prePrune +-- pixelmatch@4.0.1
61 silly idealTree:prePrune +-- pngjs@2.2.0
61 silly idealTree:prePrune +-- process-nextick-args@1.0.6
61 silly idealTree:prePrune +-- proxy-addr@1.0.10
61 silly idealTree:prePrune +-- pseudomap@1.0.2
61 silly idealTree:prePrune +-- qs@6.1.0
61 silly idealTree:prePrune +-- range-parser@1.0.3
61 silly idealTree:prePrune +-- raw-body@2.1.6
61 silly idealTree:prePrune | `-- bytes@2.3.0
61 silly idealTree:prePrune +-- read-chunk@1.0.1
61 silly idealTree:prePrune +-- readable-stream@2.0.6
61 silly idealTree:prePrune +-- request@2.70.0
61 silly idealTree:prePrune +-- send@0.13.1
61 silly idealTree:prePrune | `-- http-errors@1.3.1
61 silly idealTree:prePrune +-- serve-static@1.10.2
61 silly idealTree:prePrune +-- sntp@1.0.9
61 silly idealTree:prePrune +-- sshpk@1.7.4
61 silly idealTree:prePrune +-- statuses@1.2.1
61 silly idealTree:prePrune +-- stream-to-buffer@0.1.0
61 silly idealTree:prePrune +-- stream-to@0.2.2
61 silly idealTree:prePrune +-- streamsearch@0.1.2
61 silly idealTree:prePrune +-- string_decoder@0.10.31
61 silly idealTree:prePrune +-- stringstream@0.0.5
61 silly idealTree:prePrune +-- strip-ansi@3.0.1
61 silly idealTree:prePrune +-- supports-color@2.0.0
61 silly idealTree:prePrune +-- tinycolor2@1.3.0
61 silly idealTree:prePrune +-- tough-cookie@2.2.2
61 silly idealTree:prePrune +-- tunnel-agent@0.4.2
61 silly idealTree:prePrune +-- tweetnacl@0.14.3
61 silly idealTree:prePrune +-- type-is@1.6.12
61 silly idealTree:prePrune +-- typedarray@0.0.6
61 silly idealTree:prePrune +-- ultron@1.0.2
61 silly idealTree:prePrune +-- unpipe@1.0.0
61 silly idealTree:prePrune +-- url-regex@3.1.0
61 silly idealTree:prePrune +-- util-deprecate@1.0.2
61 silly idealTree:prePrune +-- utils-merge@1.0.0
61 silly idealTree:prePrune +-- vary@1.0.1
61 silly idealTree:prePrune +-- verror@1.3.6
61 silly idealTree:prePrune +-- ws@1.0.1
61 silly idealTree:prePrune +-- xtend@4.0.1
61 silly idealTree:prePrune `-- yallist@2.0.0
62 silly loadIdealTree Finishing
63 silly currentTree dungeon-generation@0.0.1
63 silly currentTree +-- accepts@1.2.13
63 silly currentTree +-- ansi-regex@2.0.0
63 silly currentTree +-- ansi-styles@2.2.1
63 silly currentTree +-- append-field@0.1.0
63 silly currentTree +-- array-flatten@1.1.1
63 silly currentTree +-- asn1@0.2.3
63 silly currentTree +-- assert-plus@0.2.0
63 silly currentTree +-- async@1.5.2
63 silly currentTree +-- aws-sign2@0.6.0
63 silly currentTree +-- aws4@1.3.2
63 silly currentTree +-- bignumber.js@2.3.0
63 silly currentTree +-- bindings@1.2.1
63 silly currentTree +-- bl@1.1.2
63 silly currentTree +-- bmp-js@0.0.1
63 silly currentTree +-- body-parser@1.15.0
63 silly currentTree +-- boom@2.10.1
63 silly currentTree +-- bufferutil@1.2.1
63 silly currentTree +-- busboy@0.2.13
63 silly currentTree | +-- isarray@0.0.1
63 silly currentTree | `-- readable-stream@1.1.13
63 silly currentTree +-- bytes@2.2.0
63 silly currentTree +-- caseless@0.11.0
63 silly currentTree +-- chalk@1.1.3
63 silly currentTree +-- combined-stream@1.0.5
63 silly currentTree +-- commander@2.9.0
63 silly currentTree +-- concat-stream@1.5.1
63 silly currentTree +-- content-disposition@0.5.1
63 silly currentTree +-- content-type@1.0.1
63 silly currentTree +-- cookie-parser@1.4.1
63 silly currentTree +-- cookie-signature@1.0.6
63 silly currentTree +-- cookie@0.2.3
63 silly currentTree +-- core-util-is@1.0.2
63 silly currentTree +-- cryptiles@2.0.5
63 silly currentTree +-- dashdash@1.13.0
63 silly currentTree | `-- assert-plus@1.0.0
63 silly currentTree +-- debug@2.2.0
63 silly currentTree +-- decree@0.0.6
63 silly currentTree +-- delayed-stream@1.0.0
63 silly currentTree +-- depd@1.1.0
63 silly currentTree +-- destroy@1.0.4
63 silly currentTree +-- dicer@0.2.5
63 silly currentTree | +-- isarray@0.0.1
63 silly currentTree | `-- readable-stream@1.1.13
63 silly currentTree +-- ecc-jsbn@0.1.1
63 silly currentTree +-- ee-first@1.1.1
63 silly currentTree +-- ejs@2.4.1
63 silly currentTree +-- es6-promise@3.1.2
63 silly currentTree +-- escape-html@1.0.3
63 silly currentTree +-- escape-string-regexp@1.0.5
63 silly currentTree +-- etag@1.7.0
63 silly currentTree +-- exif-parser@0.1.9
63 silly currentTree +-- express@4.13.4
63 silly currentTree | +-- cookie@0.1.5
63 silly currentTree | `-- qs@4.0.0
63 silly currentTree +-- extend@3.0.0
63 silly currentTree +-- extsprintf@1.0.2
63 silly currentTree +-- file-type@3.8.0
63 silly currentTree +-- finalhandler@0.4.1
63 silly currentTree +-- forever-agent@0.6.1
63 silly currentTree +-- form-data@1.0.0-rc4
63 silly currentTree +-- forwarded@0.1.0
63 silly currentTree +-- fresh@0.3.0
63 silly currentTree +-- generate-function@2.0.0
63 silly currentTree +-- generate-object-property@1.2.0
63 silly currentTree +-- graceful-readlink@1.0.1
63 silly currentTree +-- har-validator@2.0.6
63 silly currentTree +-- has-ansi@2.0.0
63 silly currentTree +-- hawk@3.1.3
63 silly currentTree +-- hoek@2.16.3
63 silly currentTree +-- http-errors@1.4.0
63 silly currentTree +-- http-signature@1.1.1
63 silly currentTree +-- iconv-lite@0.4.13
63 silly currentTree +-- inherits@2.0.1
63 silly currentTree +-- ip-regex@1.0.3
63 silly currentTree +-- ipaddr.js@1.0.5
63 silly currentTree +-- is-my-json-valid@2.13.1
63 silly currentTree +-- is-property@1.0.2
63 silly currentTree +-- is-typedarray@1.0.0
63 silly currentTree +-- isarray@1.0.0
63 silly currentTree +-- isstream@0.1.2
63 silly currentTree +-- jimp@0.2.21
63 silly currentTree +-- jodid25519@1.0.2
63 silly currentTree +-- jpeg-js@0.1.1
63 silly currentTree +-- jsbn@0.1.0
63 silly currentTree +-- json-schema@0.2.2
63 silly currentTree +-- json-stringify-safe@5.0.1
63 silly currentTree +-- jsonpointer@2.0.0
63 silly currentTree +-- jsprim@1.2.2
63 silly currentTree +-- lodash-node@2.4.1
63 silly currentTree +-- lru-cache@4.0.1
63 silly currentTree +-- lwip@0.0.8
63 silly currentTree | +-- async@0.9.2
63 silly currentTree | `-- nan@2.0.9
63 silly currentTree +-- media-typer@0.3.0
63 silly currentTree +-- merge-descriptors@1.0.1
63 silly currentTree +-- methods@1.1.2
63 silly currentTree +-- mime-db@1.22.0
63 silly currentTree +-- mime-types@2.1.10
63 silly currentTree +-- mime@1.3.4
63 silly currentTree +-- minimist@0.0.8
63 silly currentTree +-- mkdirp@0.5.1
63 silly currentTree +-- ms@0.7.1
63 silly currentTree +-- multer@1.1.0
63 silly currentTree +-- nan@2.2.1
63 silly currentTree +-- negotiator@0.5.3
63 silly currentTree +-- node-uuid@1.4.7
63 silly currentTree +-- oauth-sign@0.8.1
63 silly currentTree +-- object-assign@3.0.0
63 silly currentTree +-- on-finished@2.3.0
63 silly currentTree +-- options@0.0.6
63 silly currentTree +-- parseurl@1.3.1
63 silly currentTree +-- path-to-regexp@0.1.7
63 silly currentTree +-- pinkie-promise@2.0.0
63 silly currentTree +-- pinkie@2.0.4
63 silly currentTree +-- pixelmatch@4.0.1
63 silly currentTree +-- pngjs@2.2.0
63 silly currentTree +-- process-nextick-args@1.0.6
63 silly currentTree +-- proxy-addr@1.0.10
63 silly currentTree +-- pseudomap@1.0.2
63 silly currentTree +-- qs@6.1.0
63 silly currentTree +-- range-parser@1.0.3
63 silly currentTree +-- raw-body@2.1.6
63 silly currentTree | `-- bytes@2.3.0
63 silly currentTree +-- read-chunk@1.0.1
63 silly currentTree +-- readable-stream@2.0.6
63 silly currentTree +-- request@2.70.0
63 silly currentTree +-- send@0.13.1
63 silly currentTree | `-- http-errors@1.3.1
63 silly currentTree +-- serve-static@1.10.2
63 silly currentTree +-- sntp@1.0.9
63 silly currentTree +-- sshpk@1.7.4
63 silly currentTree +-- statuses@1.2.1
63 silly currentTree +-- stream-to-buffer@0.1.0
63 silly currentTree +-- stream-to@0.2.2
63 silly currentTree +-- streamsearch@0.1.2
63 silly currentTree +-- string_decoder@0.10.31
63 silly currentTree +-- stringstream@0.0.5
63 silly currentTree +-- strip-ansi@3.0.1
63 silly currentTree +-- supports-color@2.0.0
63 silly currentTree +-- tinycolor2@1.3.0
63 silly currentTree +-- tough-cookie@2.2.2
63 silly currentTree +-- tunnel-agent@0.4.2
63 silly currentTree +-- tweetnacl@0.14.3
63 silly currentTree +-- type-is@1.6.12
63 silly currentTree +-- typedarray@0.0.6
63 silly currentTree +-- ultron@1.0.2
63 silly currentTree +-- unpipe@1.0.0
63 silly currentTree +-- url-regex@3.1.0
63 silly currentTree +-- util-deprecate@1.0.2
63 silly currentTree +-- utils-merge@1.0.0
63 silly currentTree +-- vary@1.0.1
63 silly currentTree +-- verror@1.3.6
63 silly currentTree +-- ws@1.0.1
63 silly currentTree +-- xtend@4.0.1
63 silly currentTree `-- yallist@2.0.0
64 silly idealTree dungeon-generation@0.0.1
64 silly idealTree +-- accepts@1.2.13
64 silly idealTree +-- ansi-regex@2.0.0
64 silly idealTree +-- ansi-styles@2.2.1
64 silly idealTree +-- append-field@0.1.0
64 silly idealTree +-- array-flatten@1.1.1
64 silly idealTree +-- asn1@0.2.3
64 silly idealTree +-- assert-plus@0.2.0
64 silly idealTree +-- async@1.5.2
64 silly idealTree +-- aws-sign2@0.6.0
64 silly idealTree +-- aws4@1.3.2
64 silly idealTree +-- bignumber.js@2.3.0
64 silly idealTree +-- bindings@1.2.1
64 silly idealTree +-- bl@1.1.2
64 silly idealTree +-- bmp-js@0.0.1
64 silly idealTree +-- body-parser@1.15.0
64 silly idealTree +-- boom@2.10.1
64 silly idealTree +-- bufferutil@1.2.1
64 silly idealTree +-- busboy@0.2.13
64 silly idealTree | +-- isarray@0.0.1
64 silly idealTree | `-- readable-stream@1.1.13
64 silly idealTree +-- bytes@2.2.0
64 silly idealTree +-- canvas@1.2.11
64 silly idealTree +-- caseless@0.11.0
64 silly idealTree +-- chalk@1.1.3
64 silly idealTree +-- combined-stream@1.0.5
64 silly idealTree +-- commander@2.9.0
64 silly idealTree +-- concat-stream@1.5.1
64 silly idealTree +-- content-disposition@0.5.1
64 silly idealTree +-- content-type@1.0.1
64 silly idealTree +-- cookie-parser@1.4.1
64 silly idealTree +-- cookie-signature@1.0.6
64 silly idealTree +-- cookie@0.2.3
64 silly idealTree +-- core-util-is@1.0.2
64 silly idealTree +-- cryptiles@2.0.5
64 silly idealTree +-- dashdash@1.13.0
64 silly idealTree | `-- assert-plus@1.0.0
64 silly idealTree +-- debug@2.2.0
64 silly idealTree +-- decree@0.0.6
64 silly idealTree +-- delayed-stream@1.0.0
64 silly idealTree +-- depd@1.1.0
64 silly idealTree +-- destroy@1.0.4
64 silly idealTree +-- dicer@0.2.5
64 silly idealTree | +-- isarray@0.0.1
64 silly idealTree | `-- readable-stream@1.1.13
64 silly idealTree +-- ecc-jsbn@0.1.1
64 silly idealTree +-- ee-first@1.1.1
64 silly idealTree +-- ejs@2.4.1
64 silly idealTree +-- es6-promise@3.1.2
64 silly idealTree +-- escape-html@1.0.3
64 silly idealTree +-- escape-string-regexp@1.0.5
64 silly idealTree +-- etag@1.7.0
64 silly idealTree +-- exif-parser@0.1.9
64 silly idealTree +-- express@4.13.4
64 silly idealTree | +-- cookie@0.1.5
64 silly idealTree | `-- qs@4.0.0
64 silly idealTree +-- extend@3.0.0
64 silly idealTree +-- extsprintf@1.0.2
64 silly idealTree +-- file-type@3.8.0
64 silly idealTree +-- finalhandler@0.4.1
64 silly idealTree +-- forever-agent@0.6.1
64 silly idealTree +-- form-data@1.0.0-rc4
64 silly idealTree +-- forwarded@0.1.0
64 silly idealTree +-- fresh@0.3.0
64 silly idealTree +-- generate-function@2.0.0
64 silly idealTree +-- generate-object-property@1.2.0
64 silly idealTree +-- graceful-readlink@1.0.1
64 silly idealTree +-- har-validator@2.0.6
64 silly idealTree +-- has-ansi@2.0.0
64 silly idealTree +-- hawk@3.1.3
64 silly idealTree +-- hoek@2.16.3
64 silly idealTree +-- http-errors@1.4.0
64 silly idealTree +-- http-signature@1.1.1
64 silly idealTree +-- iconv-lite@0.4.13
64 silly idealTree +-- inherits@2.0.1
64 silly idealTree +-- ip-regex@1.0.3
64 silly idealTree +-- ipaddr.js@1.0.5
64 silly idealTree +-- is-my-json-valid@2.13.1
64 silly idealTree +-- is-property@1.0.2
64 silly idealTree +-- is-typedarray@1.0.0
64 silly idealTree +-- isarray@1.0.0
64 silly idealTree +-- isstream@0.1.2
64 silly idealTree +-- jimp@0.2.21
64 silly idealTree +-- jodid25519@1.0.2
64 silly idealTree +-- jpeg-js@0.1.1
64 silly idealTree +-- jsbn@0.1.0
64 silly idealTree +-- json-schema@0.2.2
64 silly idealTree +-- json-stringify-safe@5.0.1
64 silly idealTree +-- jsonpointer@2.0.0
64 silly idealTree +-- jsprim@1.2.2
64 silly idealTree +-- lodash-node@2.4.1
64 silly idealTree +-- lru-cache@4.0.1
64 silly idealTree +-- lwip@0.0.8
64 silly idealTree | +-- async@0.9.2
64 silly idealTree | `-- nan@2.0.9
64 silly idealTree +-- media-typer@0.3.0
64 silly idealTree +-- merge-descriptors@1.0.1
64 silly idealTree +-- methods@1.1.2
64 silly idealTree +-- mime-db@1.22.0
64 silly idealTree +-- mime-types@2.1.10
64 silly idealTree +-- mime@1.3.4
64 silly idealTree +-- minimist@0.0.8
64 silly idealTree +-- mkdirp@0.5.1
64 silly idealTree +-- ms@0.7.1
64 silly idealTree +-- multer@1.1.0
64 silly idealTree +-- nan@2.2.1
64 silly idealTree +-- negotiator@0.5.3
64 silly idealTree +-- node-uuid@1.4.7
64 silly idealTree +-- oauth-sign@0.8.1
64 silly idealTree +-- object-assign@3.0.0
64 silly idealTree +-- on-finished@2.3.0
64 silly idealTree +-- options@0.0.6
64 silly idealTree +-- parseurl@1.3.1
64 silly idealTree +-- path-to-regexp@0.1.7
64 silly idealTree +-- pinkie-promise@2.0.0
64 silly idealTree +-- pinkie@2.0.4
64 silly idealTree +-- pixelmatch@4.0.1
64 silly idealTree +-- pngjs@2.2.0
64 silly idealTree +-- process-nextick-args@1.0.6
64 silly idealTree +-- proxy-addr@1.0.10
64 silly idealTree +-- pseudomap@1.0.2
64 silly idealTree +-- qs@6.1.0
64 silly idealTree +-- range-parser@1.0.3
64 silly idealTree +-- raw-body@2.1.6
64 silly idealTree | `-- bytes@2.3.0
64 silly idealTree +-- read-chunk@1.0.1
64 silly idealTree +-- readable-stream@2.0.6
64 silly idealTree +-- request@2.70.0
64 silly idealTree +-- send@0.13.1
64 silly idealTree | `-- http-errors@1.3.1
64 silly idealTree +-- serve-static@1.10.2
64 silly idealTree +-- sntp@1.0.9
64 silly idealTree +-- sshpk@1.7.4
64 silly idealTree +-- statuses@1.2.1
64 silly idealTree +-- stream-to-buffer@0.1.0
64 silly idealTree +-- stream-to@0.2.2
64 silly idealTree +-- streamsearch@0.1.2
64 silly idealTree +-- string_decoder@0.10.31
64 silly idealTree +-- stringstream@0.0.5
64 silly idealTree +-- strip-ansi@3.0.1
64 silly idealTree +-- supports-color@2.0.0
64 silly idealTree +-- tinycolor2@1.3.0
64 silly idealTree +-- tough-cookie@2.2.2
64 silly idealTree +-- tunnel-agent@0.4.2
64 silly idealTree +-- tweetnacl@0.14.3
64 silly idealTree +-- type-is@1.6.12
64 silly idealTree +-- typedarray@0.0.6
64 silly idealTree +-- ultron@1.0.2
64 silly idealTree +-- unpipe@1.0.0
64 silly idealTree +-- url-regex@3.1.0
64 silly idealTree +-- util-deprecate@1.0.2
64 silly idealTree +-- utils-merge@1.0.0
64 silly idealTree +-- vary@1.0.1
64 silly idealTree +-- verror@1.3.6
64 silly idealTree +-- ws@1.0.1
64 silly idealTree +-- xtend@4.0.1
64 silly idealTree `-- yallist@2.0.0
65 silly generateActionsToTake Starting
66 silly install generateActionsToTake
67 silly generateActionsToTake Finishing
68 silly diffTrees action count 1
69 silly diffTrees add canvas@1.2.11
70 silly decomposeActions action count 8
71 silly decomposeActions fetch canvas@1.2.11
72 silly decomposeActions extract canvas@1.2.11
73 silly decomposeActions test canvas@1.2.11
74 silly decomposeActions preinstall canvas@1.2.11
75 silly decomposeActions build canvas@1.2.11
76 silly decomposeActions install canvas@1.2.11
77 silly decomposeActions postinstall canvas@1.2.11
78 silly decomposeActions finalize canvas@1.2.11
79 silly executeActions Starting
80 silly install executeActions
81 silly doSerial global-install 0
82 silly doParallel fetch 1
83 verbose correctMkdir C:\Users\alway\AppData\Roaming\npm-cache\_locks correctMkdir not in flight; initializing
84 verbose lock using C:\Users\alway\AppData\Roaming\npm-cache\_locks\staging-5c4f116c56addc4a.lock for C:\Users\alway\OneDrive\Documents\Websites\Dungeon Generation\node_modules\.staging
85 silly doParallel extract 1
86 silly extract canvas@1.2.11
87 verbose unbuild node_modules\.staging\canvas-82fc4015
88 silly gentlyRm C:\Users\alway\OneDrive\Documents\Websites\Dungeon Generation\node_modules\.staging\canvas-82fc4015 is being purged from base C:\Users\alway\OneDrive\Documents\Websites\Dungeon Generation
89 verbose gentlyRm don't care about contents; nuking C:\Users\alway\OneDrive\Documents\Websites\Dungeon Generation\node_modules\.staging\canvas-82fc4015
90 verbose tar unpack C:\Users\alway\AppData\Roaming\npm-cache\canvas\1.2.11\package.tgz
91 verbose tar unpacking to C:\Users\alway\OneDrive\Documents\Websites\Dungeon Generation\node_modules\.staging\canvas-82fc4015
92 silly gentlyRm C:\Users\alway\OneDrive\Documents\Websites\Dungeon Generation\node_modules\.staging\canvas-82fc4015 is being purged
93 verbose gentlyRm don't care about contents; nuking C:\Users\alway\OneDrive\Documents\Websites\Dungeon Generation\node_modules\.staging\canvas-82fc4015
94 silly gunzTarPerm modes [ '777', '666' ]
95 silly gunzTarPerm extractEntry package.json
96 silly gunzTarPerm modified mode [ 'package.json', 420, 438 ]
97 silly gunzTarPerm extractEntry .npmignore
98 silly gunzTarPerm modified mode [ '.npmignore', 420, 438 ]
99 silly gunzTarPerm extractEntry index.js
100 silly gunzTarPerm modified mode [ 'index.js', 420, 438 ]
101 silly gunzTarPerm extractEntry History.md
102 silly gunzTarPerm modified mode [ 'History.md', 420, 438 ]
103 silly gunzTarPerm extractEntry Readme.md
104 silly gunzTarPerm modified mode [ 'Readme.md', 420, 438 ]
105 silly gunzTarPerm extractEntry binding.gyp
106 silly gunzTarPerm modified mode [ 'binding.gyp', 493, 511 ]
107 silly gunzTarPerm extractEntry .gitmodules
108 silly gunzTarPerm modified mode [ '.gitmodules', 420, 438 ]
109 silly gunzTarPerm extractEntry install
110 silly gunzTarPerm modified mode [ 'install', 493, 511 ]
111 silly gunzTarPerm extractEntry lib/bindings.js
112 silly gunzTarPerm modified mode [ 'lib/bindings.js', 420, 438 ]
113 silly gunzTarPerm extractEntry lib/canvas.js
114 silly gunzTarPerm modified mode [ 'lib/canvas.js', 420, 438 ]
115 silly gunzTarPerm extractEntry lib/context2d.js
116 silly gunzTarPerm modified mode [ 'lib/context2d.js', 420, 438 ]
117 silly gunzTarPerm extractEntry lib/image.js
118 silly gunzTarPerm modified mode [ 'lib/image.js', 420, 438 ]
119 silly gunzTarPerm extractEntry lib/jpegstream.js
120 silly gunzTarPerm modified mode [ 'lib/jpegstream.js', 420, 438 ]
121 silly gunzTarPerm extractEntry lib/pngstream.js
122 silly gunzTarPerm modified mode [ 'lib/pngstream.js', 420, 438 ]
123 silly gunzTarPerm extractEntry .travis.yml
124 silly gunzTarPerm modified mode [ '.travis.yml', 420, 438 ]
125 silly gunzTarPerm extractEntry src/Image.cc
126 silly gunzTarPerm modified mode [ 'src/Image.cc', 420, 438 ]
127 silly gunzTarPerm extractEntry src/Canvas.cc
128 silly gunzTarPerm modified mode [ 'src/Canvas.cc', 420, 438 ]
129 silly gunzTarPerm extractEntry src/CanvasGradient.cc
130 silly gunzTarPerm modified mode [ 'src/CanvasGradient.cc', 420, 438 ]
131 silly gunzTarPerm extractEntry src/CanvasGradient.h
132 silly gunzTarPerm modified mode [ 'src/CanvasGradient.h', 420, 438 ]
133 silly gunzTarPerm extractEntry src/CanvasPattern.cc
134 silly gunzTarPerm modified mode [ 'src/CanvasPattern.cc', 420, 438 ]
135 silly gunzTarPerm extractEntry src/CanvasPattern.h
136 silly gunzTarPerm modified mode [ 'src/CanvasPattern.h', 420, 438 ]
137 silly gunzTarPerm extractEntry src/CanvasRenderingContext2d.cc
138 silly gunzTarPerm modified mode [ 'src/CanvasRenderingContext2d.cc', 493, 511 ]
139 silly gunzTarPerm extractEntry src/CanvasRenderingContext2d.h
140 silly gunzTarPerm modified mode [ 'src/CanvasRenderingContext2d.h', 420, 438 ]
141 silly gunzTarPerm extractEntry src/FontFace.cc
142 silly gunzTarPerm modified mode [ 'src/FontFace.cc', 493, 511 ]
143 silly gunzTarPerm extractEntry src/FontFace.h
144 silly gunzTarPerm modified mode [ 'src/FontFace.h', 420, 438 ]
145 silly gunzTarPerm extractEntry src/Canvas.h
146 silly gunzTarPerm modified mode [ 'src/Canvas.h', 420, 438 ]
147 silly gunzTarPerm extractEntry src/Image.h
148 silly gunzTarPerm modified mode [ 'src/Image.h', 420, 438 ]
149 silly gunzTarPerm extractEntry src/ImageData.cc
150 silly gunzTarPerm modified mode [ 'src/ImageData.cc', 420, 438 ]
151 silly gunzTarPerm extractEntry src/ImageData.h
152 silly gunzTarPerm modified mode [ 'src/ImageData.h', 420, 438 ]
153 silly gunzTarPerm extractEntry src/JPEGStream.h
154 silly gunzTarPerm modified mode [ 'src/JPEGStream.h', 420, 438 ]
155 silly gunzTarPerm extractEntry src/PNG.h
156 silly gunzTarPerm modified mode [ 'src/PNG.h', 420, 438 ]
157 silly gunzTarPerm extractEntry src/Point.h
158 silly gunzTarPerm modified mode [ 'src/Point.h', 420, 438 ]
159 silly gunzTarPerm extractEntry src/closure.h
160 silly gunzTarPerm modified mode [ 'src/closure.h', 420, 438 ]
161 silly gunzTarPerm extractEntry src/color.cc
162 silly gunzTarPerm modified mode [ 'src/color.cc', 420, 438 ]
163 silly gunzTarPerm extractEntry src/color.h
164 silly gunzTarPerm modified mode [ 'src/color.h', 420, 438 ]
165 silly gunzTarPerm extractEntry src/init.cc
166 silly gunzTarPerm modified mode [ 'src/init.cc', 493, 511 ]
167 silly gunzTarPerm extractEntry util/cairo_include.sh
168 silly gunzTarPerm modified mode [ 'util/cairo_include.sh', 493, 511 ]
169 silly gunzTarPerm extractEntry util/has_cairo_freetype.sh
170 silly gunzTarPerm modified mode [ 'util/has_cairo_freetype.sh', 493, 511 ]
171 silly gunzTarPerm extractEntry util/has_lib.sh
172 silly gunzTarPerm modified mode [ 'util/has_lib.sh', 493, 511 ]
173 silly gunzTarPerm extractEntry util/lib_lookup.sh
174 silly gunzTarPerm modified mode [ 'util/lib_lookup.sh', 493, 511 ]
175 silly gentlyRm C:\Users\alway\OneDrive\Documents\Websites\Dungeon Generation\node_modules\.staging\canvas-82fc4015\node_modules is being purged
176 verbose gentlyRm don't care about contents; nuking C:\Users\alway\OneDrive\Documents\Websites\Dungeon Generation\node_modules\.staging\canvas-82fc4015\node_modules
177 silly doParallel preinstall 1
178 silly preinstall canvas@1.2.11 C:\Users\alway\OneDrive\Documents\Websites\Dungeon Generation\node_modules\.staging\canvas-82fc4015
179 info lifecycle canvas@1.2.11~preinstall: canvas@1.2.11
180 silly lifecycle canvas@1.2.11~preinstall: no script for preinstall, continuing
181 silly doReverseSerial remove 0
182 silly doSerial move 0
183 silly doSerial finalize 1
184 silly finalize C:\Users\alway\OneDrive\Documents\Websites\Dungeon Generation\node_modules\canvas
185 silly doSerial build 1
186 silly build canvas@1.2.11
187 info linkStuff canvas@1.2.11
188 silly linkStuff canvas@1.2.11 has C:\Users\alway\OneDrive\Documents\Websites\Dungeon Generation\node_modules as its parent node_modules
189 verbose linkBins canvas@1.2.11
190 verbose linkMans canvas@1.2.11
191 silly doSerial global-link 0
192 silly doParallel update-linked 0
193 silly doSerial install 1
194 silly install canvas@1.2.11 C:\Users\alway\OneDrive\Documents\Websites\Dungeon Generation\node_modules\.staging\canvas-82fc4015
195 info lifecycle canvas@1.2.11~install: canvas@1.2.11
196 verbose lifecycle canvas@1.2.11~install: unsafe-perm in lifecycle true
197 verbose lifecycle canvas@1.2.11~install: PATH: C:\Users\alway\AppData\Roaming\npm\node_modules\npm\bin\node-gyp-bin;C:\Users\alway\OneDrive\Documents\Websites\Dungeon Generation\node_modules\canvas\node_modules\.bin;C:\Users\alway\OneDrive\Documents\Websites\Dungeon Generation\node_modules\.bin;C:\Program Files\nodejs;C:\Users\alway\AppData\Roaming\npm;C:\Program Files\nodejs\;C:\ProgramData\Oracle\Java\javapath;C:\Program Files (x86)\Intel\iCLS Client\;C:\Program Files\Intel\iCLS Client\;C:\windows\system32;C:\windows;C:\windows\System32\Wbem;C:\windows\System32\WindowsPowerShell\v1.0\;C:\Program Files (x86)\Intel\Intel(R) Management Engine Components\DAL;C:\Program Files\Intel\Intel(R) Management Engine Components\DAL;C:\Program Files (x86)\Intel\Intel(R) Management Engine Components\IPT;C:\Program Files\Intel\Intel(R) Management Engine Components\IPT;C:\Program Files (x86)\NVIDIA Corporation\PhysX\Common;c:\Program Files\Intel\WiFi\bin\;c:\Program Files\Common Files\Intel\WirelessCommon\;C:\Program Files\Intel\IntelSGXPSW\bin\x64\Release\;C:\Program Files\Intel\IntelSGXPSW\bin\win32\Release\;C:\Program Files (x86)\Skype\Phone\;C:\Users\alway\.dnx\bin;C:\Program Files\Microsoft DNX\Dnvm\;C:\Program Files (x86)\Windows Kits\8.1\Windows Performance Toolkit\;C:\Program Files\Microsoft SQL Server\120\Tools\Binn\;C:\WINDOWS\system32;C:\WINDOWS;C:\WINDOWS\System32\Wbem;C:\WINDOWS\System32\WindowsPowerShell\v1.0\;C:\go_appengine;C:\Program Files (x86)\GtkSharp\2.12\bin;C:\Go\bin;C:\Program Files\MiKTeX 2.9\miktex\bin\x64\;C:\Python27;C:\Users\alway\AppData\Local\Programs\Python\Python35-32\Scripts\;C:\Users\alway\AppData\Local\Programs\Python\Python35-32;C:\Program Files\nodejs\;C:\RailsInstaller\Ruby2.2.0\bin;C:\Users\alway\AppData\Local\Programs\EmEditor;C:\Users\alway\AppData\Roaming\npm
198 verbose lifecycle canvas@1.2.11~install: CWD: C:\Users\alway\OneDrive\Documents\Websites\Dungeon Generation\node_modules\canvas
199 silly lifecycle canvas@1.2.11~install: Args: [ '/d /s /c', 'node-gyp rebuild' ]
200 silly lifecycle canvas@1.2.11~install: Returned: code: 1  signal: null
201 info lifecycle canvas@1.2.11~install: Failed to exec install script
202 verbose unlock done using C:\Users\alway\AppData\Roaming\npm-cache\_locks\staging-5c4f116c56addc4a.lock for C:\Users\alway\OneDrive\Documents\Websites\Dungeon Generation\node_modules\.staging
203 silly rollbackFailedOptional Starting
204 silly rollbackFailedOptional Finishing
205 silly runTopLevelLifecycles Starting
206 silly runTopLevelLifecycles Finishing
207 silly install printInstalled
208 warn dungeon-generation@0.0.1 No repository field.
209 warn dungeon-generation@0.0.1 No license field.
210 verbose stack Error: canvas@1.2.11 install: `node-gyp rebuild`
210 verbose stack Exit status 1
210 verbose stack     at EventEmitter.<anonymous> (C:\Users\alway\AppData\Roaming\npm\node_modules\npm\lib\utils\lifecycle.js:239:16)
210 verbose stack     at emitTwo (events.js:100:13)
210 verbose stack     at EventEmitter.emit (events.js:185:7)
210 verbose stack     at ChildProcess.<anonymous> (C:\Users\alway\AppData\Roaming\npm\node_modules\npm\lib\utils\spawn.js:24:14)
210 verbose stack     at emitTwo (events.js:100:13)
210 verbose stack     at ChildProcess.emit (events.js:185:7)
210 verbose stack     at maybeClose (internal/child_process.js:850:16)
210 verbose stack     at Process.ChildProcess._handle.onexit (internal/child_process.js:215:5)
211 verbose pkgid canvas@1.2.11
212 verbose cwd C:\Users\alway\OneDrive\Documents\Websites\Dungeon Generation
213 error Windows_NT 10.0.10586
214 error argv "C:\\Program Files\\nodejs\\node.exe" "C:\\Users\\alway\\AppData\\Roaming\\npm\\node_modules\\npm\\bin\\npm-cli.js" "install" "canvas@1.2.X" "--save" "--msvs_version=2015"
215 error node v5.10.0
216 error npm  v3.8.5
217 error code ELIFECYCLE
218 error canvas@1.2.11 install: `node-gyp rebuild`
218 error Exit status 1
219 error Failed at the canvas@1.2.11 install script 'node-gyp rebuild'.
219 error Make sure you have the latest version of node.js and npm installed.
219 error If you do, this is most likely a problem with the canvas package,
219 error not with npm itself.
219 error Tell the author that this fails on your system:
219 error     node-gyp rebuild
219 error You can get information on how to open an issue for this project with:
219 error     npm bugs canvas
219 error Or if that isn't available, you can get their info via:
219 error     npm owner ls canvas
219 error There is likely additional logging output above.
220 verbose exit [ 1, true ]
